Copyright 1986-2018 Xilinx, Inc. All Rights Reserved.
--------------------------------------------------------------------------------------
| Tool Version : Vivado v.2018.2 (win64) Build 2258646 Thu Jun 14 20:03:12 MDT 2018
| Date         : Mon Nov 18 11:35:17 2019
| Host         : LAPTOP-33B0TTHC running 64-bit major release  (build 9200)
| Command      : report_control_sets -verbose -file mips_fpga_control_sets_placed.rpt
| Design       : mips_fpga
| Device       : xc7a35t
--------------------------------------------------------------------------------------

Control Set Information

Table of Contents
-----------------
1. Summary
2. Histogram
3. Flip-Flop Distribution
4. Detailed Control Set Information

1. Summary
----------

+----------------------------------------------------------+-------+
|                          Status                          | Count |
+----------------------------------------------------------+-------+
| Number of unique control sets                            |    11 |
| Unused register locations in slices containing registers |    10 |
+----------------------------------------------------------+-------+


2. Histogram
------------

+--------+--------------+
| Fanout | Control Sets |
+--------+--------------+
|      6 |            1 |
|      8 |            1 |
|    16+ |            9 |
+--------+--------------+


3. Flip-Flop Distribution
-------------------------

+--------------+-----------------------+------------------------+-----------------+--------------+
| Clock Enable | Synchronous Set/Reset | Asynchronous Set/Reset | Total Registers | Total Slices |
+--------------+-----------------------+------------------------+-----------------+--------------+
| No           | No                    | No                     |             276 |           69 |
| No           | No                    | Yes                    |              64 |           20 |
| No           | Yes                   | No                     |              66 |            9 |
| Yes          | No                    | No                     |               0 |            0 |
| Yes          | No                    | Yes                    |               0 |            0 |
| Yes          | Yes                   | No                     |               0 |            0 |
+--------------+-----------------------+------------------------+-----------------+--------------+


4. Detailed Control Set Information
-----------------------------------

+-----------------------------------------+------------------------------------+------------------+------------------+----------------+
|               Clock Signal              |            Enable Signal           | Set/Reset Signal | Slice Load Count | Bel Load Count |
+-----------------------------------------+------------------------------------+------------------+------------------+----------------+
|  mips_top/mips/dp/pc_reg/q_reg[31]_0[0] |                                    |                  |                1 |              6 |
|  mips_top/mips/dp/pc_reg/E[0]           |                                    |                  |                2 |              8 |
|  clk_IBUF_BUFG                          |                                    |                  |               12 |             32 |
|  clk_gen/index_reg[1]                   |                                    |                  |                7 |             38 |
|  n_1_552_BUFG                           |                                    |                  |               12 |             64 |
|  clk_pb_BUFG                            |                                    | rst_IBUF         |               20 |             64 |
|  clk_pb_BUFG                            | mips_top/mips/dp/pc_reg/we_dm_OBUF |                  |                8 |             64 |
|  mips/MultReg                           |                                    |                  |               16 |             64 |
|  n_0_370_BUFG                           |                                    |                  |               19 |             64 |
|  clk_IBUF_BUFG                          |                                    | rst_IBUF         |                9 |             66 |
|  clk_pb_BUFG                            | mips_top/mips/dp/pc_reg/we_reg     |                  |               18 |            288 |
+-----------------------------------------+------------------------------------+------------------+------------------+----------------+


