
*** Running vivado
    with args -log mips_fpga.vds -m64 -product Vivado -mode batch -messageDb vivado.pb -notrace -source mips_fpga.tcl


****** Vivado v2018.2 (64-bit)
  **** SW Build 2258646 on Thu Jun 14 20:03:12 MDT 2018
  **** IP Build 2256618 on Thu Jun 14 22:10:49 MDT 2018
    ** Copyright 1986-2018 Xilinx, Inc. All Rights Reserved.

source mips_fpga.tcl -notrace
Command: synth_design -top mips_fpga -part xc7a35tcpg236-1
Starting synth_design
Attempting to get a license for feature 'Synthesis' and/or device 'xc7a35t'
INFO: [Common 17-349] Got license for feature 'Synthesis' and/or device 'xc7a35t'
INFO: Launching helper process for spawning children vivado processes
INFO: Helper process launched with PID 24344 
---------------------------------------------------------------------------------
Starting RTL Elaboration : Time (s): cpu = 00:00:02 ; elapsed = 00:00:02 . Memory (MB): peak = 333.820 ; gain = 100.469
---------------------------------------------------------------------------------
INFO: [Synth 8-6157] synthesizing module 'mips_fpga' [C:/Users/camer/OneDrive/Documents/CMPE_140/Lab5/processor_design/processor_design.srcs/sources_1/imports/basys3_single_cycle_mips_validation/mips_fpga.v:1]
INFO: [Synth 8-6157] synthesizing module 'clk_gen' [C:/Users/camer/OneDrive/Documents/CMPE_140/Lab5/processor_design/processor_design.srcs/sources_1/imports/basys3_single_cycle_mips_validation/clk_gen.v:1]
INFO: [Synth 8-6155] done synthesizing module 'clk_gen' (1#1) [C:/Users/camer/OneDrive/Documents/CMPE_140/Lab5/processor_design/processor_design.srcs/sources_1/imports/basys3_single_cycle_mips_validation/clk_gen.v:1]
INFO: [Synth 8-6157] synthesizing module 'button_debouncer' [C:/Users/camer/OneDrive/Documents/CMPE_140/Lab5/processor_design/processor_design.srcs/sources_1/imports/basys3_single_cycle_mips_validation/button_debouncer.v:1]
	Parameter depth bound to: 16 - type: integer 
	Parameter history_max bound to: 65535 - type: integer 
INFO: [Synth 8-6155] done synthesizing module 'button_debouncer' (2#1) [C:/Users/camer/OneDrive/Documents/CMPE_140/Lab5/processor_design/processor_design.srcs/sources_1/imports/basys3_single_cycle_mips_validation/button_debouncer.v:1]
INFO: [Synth 8-6157] synthesizing module 'mips_top' [C:/Users/camer/OneDrive/Documents/CMPE_140/Lab5/processor_design/processor_design.srcs/sources_1/imports/single_cycle_mips_source_initial/mips/mips_top.v:1]
INFO: [Synth 8-6157] synthesizing module 'mips' [C:/Users/camer/OneDrive/Documents/CMPE_140/Lab5/processor_design/processor_design.srcs/sources_1/imports/single_cycle_mips_source_initial/mips/mips.v:1]
INFO: [Synth 8-6157] synthesizing module 'datapath' [C:/Users/camer/OneDrive/Documents/CMPE_140/Lab5/processor_design/processor_design.srcs/sources_1/imports/single_cycle_mips_source_initial/datapath/datapath.v:1]
INFO: [Synth 8-6157] synthesizing module 'dreg' [C:/Users/camer/OneDrive/Documents/CMPE_140/Lab5/processor_design/processor_design.srcs/sources_1/imports/single_cycle_mips_source_initial/datapath/dreg.v:1]
	Parameter WIDTH bound to: 32 - type: integer 
INFO: [Synth 8-6155] done synthesizing module 'dreg' (3#1) [C:/Users/camer/OneDrive/Documents/CMPE_140/Lab5/processor_design/processor_design.srcs/sources_1/imports/single_cycle_mips_source_initial/datapath/dreg.v:1]
INFO: [Synth 8-6157] synthesizing module 'adder' [C:/Users/camer/OneDrive/Documents/CMPE_140/Lab5/processor_design/processor_design.srcs/sources_1/imports/single_cycle_mips_source_initial/datapath/adder.v:1]
INFO: [Synth 8-6155] done synthesizing module 'adder' (4#1) [C:/Users/camer/OneDrive/Documents/CMPE_140/Lab5/processor_design/processor_design.srcs/sources_1/imports/single_cycle_mips_source_initial/datapath/adder.v:1]
INFO: [Synth 8-6157] synthesizing module 'mf_reg' [C:/Users/camer/OneDrive/Documents/CMPE_140/Lab5/processor_design/processor_design.srcs/sources_1/new/mf_reg.v:3]
INFO: [Synth 8-6155] done synthesizing module 'mf_reg' (5#1) [C:/Users/camer/OneDrive/Documents/CMPE_140/Lab5/processor_design/processor_design.srcs/sources_1/new/mf_reg.v:3]
INFO: [Synth 8-6157] synthesizing module 'mux2' [C:/Users/camer/OneDrive/Documents/CMPE_140/Lab5/processor_design/processor_design.srcs/sources_1/imports/single_cycle_mips_source_initial/datapath/mux2.v:1]
	Parameter WIDTH bound to: 32 - type: integer 
INFO: [Synth 8-6155] done synthesizing module 'mux2' (6#1) [C:/Users/camer/OneDrive/Documents/CMPE_140/Lab5/processor_design/processor_design.srcs/sources_1/imports/single_cycle_mips_source_initial/datapath/mux2.v:1]
INFO: [Synth 8-6157] synthesizing module 'mux2__parameterized0' [C:/Users/camer/OneDrive/Documents/CMPE_140/Lab5/processor_design/processor_design.srcs/sources_1/imports/single_cycle_mips_source_initial/datapath/mux2.v:1]
	Parameter WIDTH bound to: 5 - type: integer 
INFO: [Synth 8-6155] done synthesizing module 'mux2__parameterized0' (6#1) [C:/Users/camer/OneDrive/Documents/CMPE_140/Lab5/processor_design/processor_design.srcs/sources_1/imports/single_cycle_mips_source_initial/datapath/mux2.v:1]
WARNING: [Synth 8-689] width (5) of port connection 'a' does not match port width (32) of module 'mux2' [C:/Users/camer/OneDrive/Documents/CMPE_140/Lab5/processor_design/processor_design.srcs/sources_1/imports/single_cycle_mips_source_initial/datapath/datapath.v:134]
WARNING: [Synth 8-689] width (5) of port connection 'y' does not match port width (32) of module 'mux2' [C:/Users/camer/OneDrive/Documents/CMPE_140/Lab5/processor_design/processor_design.srcs/sources_1/imports/single_cycle_mips_source_initial/datapath/datapath.v:136]
WARNING: [Synth 8-689] width (5) of port connection 'a' does not match port width (32) of module 'mux2' [C:/Users/camer/OneDrive/Documents/CMPE_140/Lab5/processor_design/processor_design.srcs/sources_1/imports/single_cycle_mips_source_initial/datapath/datapath.v:140]
WARNING: [Synth 8-689] width (5) of port connection 'y' does not match port width (32) of module 'mux2' [C:/Users/camer/OneDrive/Documents/CMPE_140/Lab5/processor_design/processor_design.srcs/sources_1/imports/single_cycle_mips_source_initial/datapath/datapath.v:142]
INFO: [Synth 8-6157] synthesizing module 'regfile' [C:/Users/camer/OneDrive/Documents/CMPE_140/Lab5/processor_design/processor_design.srcs/sources_1/imports/single_cycle_mips_source_initial/datapath/regfile.v:1]
INFO: [Synth 8-6155] done synthesizing module 'regfile' (7#1) [C:/Users/camer/OneDrive/Documents/CMPE_140/Lab5/processor_design/processor_design.srcs/sources_1/imports/single_cycle_mips_source_initial/datapath/regfile.v:1]
INFO: [Synth 8-6157] synthesizing module 'signext' [C:/Users/camer/OneDrive/Documents/CMPE_140/Lab5/processor_design/processor_design.srcs/sources_1/imports/single_cycle_mips_source_initial/datapath/signext.v:1]
INFO: [Synth 8-6155] done synthesizing module 'signext' (8#1) [C:/Users/camer/OneDrive/Documents/CMPE_140/Lab5/processor_design/processor_design.srcs/sources_1/imports/single_cycle_mips_source_initial/datapath/signext.v:1]
INFO: [Synth 8-6157] synthesizing module 'alu' [C:/Users/camer/OneDrive/Documents/CMPE_140/Lab5/processor_design/processor_design.srcs/sources_1/imports/single_cycle_mips_source_initial/datapath/alu.v:1]
WARNING: [Synth 8-567] referenced signal 'shamt' should be on the sensitivity list [C:/Users/camer/OneDrive/Documents/CMPE_140/Lab5/processor_design/processor_design.srcs/sources_1/imports/single_cycle_mips_source_initial/datapath/alu.v:13]
INFO: [Synth 8-6155] done synthesizing module 'alu' (9#1) [C:/Users/camer/OneDrive/Documents/CMPE_140/Lab5/processor_design/processor_design.srcs/sources_1/imports/single_cycle_mips_source_initial/datapath/alu.v:1]
INFO: [Synth 8-6155] done synthesizing module 'datapath' (10#1) [C:/Users/camer/OneDrive/Documents/CMPE_140/Lab5/processor_design/processor_design.srcs/sources_1/imports/single_cycle_mips_source_initial/datapath/datapath.v:1]
INFO: [Synth 8-6157] synthesizing module 'controlunit' [C:/Users/camer/OneDrive/Documents/CMPE_140/Lab5/processor_design/processor_design.srcs/sources_1/imports/single_cycle_mips_source_initial/control_unit/controlunit.v:1]
INFO: [Synth 8-6157] synthesizing module 'maindec' [C:/Users/camer/OneDrive/Documents/CMPE_140/Lab5/processor_design/processor_design.srcs/sources_1/imports/single_cycle_mips_source_initial/control_unit/maindec.v:1]
INFO: [Synth 8-6155] done synthesizing module 'maindec' (11#1) [C:/Users/camer/OneDrive/Documents/CMPE_140/Lab5/processor_design/processor_design.srcs/sources_1/imports/single_cycle_mips_source_initial/control_unit/maindec.v:1]
INFO: [Synth 8-6157] synthesizing module 'auxdec' [C:/Users/camer/OneDrive/Documents/CMPE_140/Lab5/processor_design/processor_design.srcs/sources_1/imports/single_cycle_mips_source_initial/control_unit/auxdec.v:1]
INFO: [Synth 8-6155] done synthesizing module 'auxdec' (12#1) [C:/Users/camer/OneDrive/Documents/CMPE_140/Lab5/processor_design/processor_design.srcs/sources_1/imports/single_cycle_mips_source_initial/control_unit/auxdec.v:1]
INFO: [Synth 8-6155] done synthesizing module 'controlunit' (13#1) [C:/Users/camer/OneDrive/Documents/CMPE_140/Lab5/processor_design/processor_design.srcs/sources_1/imports/single_cycle_mips_source_initial/control_unit/controlunit.v:1]
INFO: [Synth 8-6155] done synthesizing module 'mips' (14#1) [C:/Users/camer/OneDrive/Documents/CMPE_140/Lab5/processor_design/processor_design.srcs/sources_1/imports/single_cycle_mips_source_initial/mips/mips.v:1]
INFO: [Synth 8-6157] synthesizing module 'imem' [C:/Users/camer/OneDrive/Documents/CMPE_140/Lab5/processor_design/processor_design.srcs/sources_1/imports/single_cycle_mips_source_initial/memory/imem.v:1]
INFO: [Synth 8-3876] $readmem data file 'C:/Users/camer/OneDrive/Documents/CMPE_140/Lab7/mem.dat' is read successfully [C:/Users/camer/OneDrive/Documents/CMPE_140/Lab5/processor_design/processor_design.srcs/sources_1/imports/single_cycle_mips_source_initial/memory/imem.v:9]
INFO: [Synth 8-6155] done synthesizing module 'imem' (15#1) [C:/Users/camer/OneDrive/Documents/CMPE_140/Lab5/processor_design/processor_design.srcs/sources_1/imports/single_cycle_mips_source_initial/memory/imem.v:1]
INFO: [Synth 8-6157] synthesizing module 'dmem' [C:/Users/camer/OneDrive/Documents/CMPE_140/Lab5/processor_design/processor_design.srcs/sources_1/imports/single_cycle_mips_source_initial/memory/dmem.v:1]
INFO: [Synth 8-6155] done synthesizing module 'dmem' (16#1) [C:/Users/camer/OneDrive/Documents/CMPE_140/Lab5/processor_design/processor_design.srcs/sources_1/imports/single_cycle_mips_source_initial/memory/dmem.v:1]
INFO: [Synth 8-6155] done synthesizing module 'mips_top' (17#1) [C:/Users/camer/OneDrive/Documents/CMPE_140/Lab5/processor_design/processor_design.srcs/sources_1/imports/single_cycle_mips_source_initial/mips/mips_top.v:1]
INFO: [Synth 8-6157] synthesizing module 'hex_to_7seg' [C:/Users/camer/OneDrive/Documents/CMPE_140/Lab5/processor_design/processor_design.srcs/sources_1/imports/basys3_single_cycle_mips_validation/hex_to_7seg.v:1]
INFO: [Synth 8-226] default block is never used [C:/Users/camer/OneDrive/Documents/CMPE_140/Lab5/processor_design/processor_design.srcs/sources_1/imports/basys3_single_cycle_mips_validation/hex_to_7seg.v:7]
INFO: [Synth 8-6155] done synthesizing module 'hex_to_7seg' (18#1) [C:/Users/camer/OneDrive/Documents/CMPE_140/Lab5/processor_design/processor_design.srcs/sources_1/imports/basys3_single_cycle_mips_validation/hex_to_7seg.v:1]
INFO: [Synth 8-6157] synthesizing module 'led_mux' [C:/Users/camer/OneDrive/Documents/CMPE_140/Lab5/processor_design/processor_design.srcs/sources_1/imports/basys3_single_cycle_mips_validation/led_mux.v:1]
INFO: [Synth 8-226] default block is never used [C:/Users/camer/OneDrive/Documents/CMPE_140/Lab5/processor_design/processor_design.srcs/sources_1/imports/basys3_single_cycle_mips_validation/led_mux.v:20]
INFO: [Synth 8-6155] done synthesizing module 'led_mux' (19#1) [C:/Users/camer/OneDrive/Documents/CMPE_140/Lab5/processor_design/processor_design.srcs/sources_1/imports/basys3_single_cycle_mips_validation/led_mux.v:1]
INFO: [Synth 8-6155] done synthesizing module 'mips_fpga' (20#1) [C:/Users/camer/OneDrive/Documents/CMPE_140/Lab5/processor_design/processor_design.srcs/sources_1/imports/basys3_single_cycle_mips_validation/mips_fpga.v:1]
WARNING: [Synth 8-3331] design datapath has unconnected port instr[31]
WARNING: [Synth 8-3331] design datapath has unconnected port instr[30]
WARNING: [Synth 8-3331] design datapath has unconnected port instr[29]
WARNING: [Synth 8-3331] design datapath has unconnected port instr[28]
WARNING: [Synth 8-3331] design datapath has unconnected port instr[27]
WARNING: [Synth 8-3331] design datapath has unconnected port instr[26]
---------------------------------------------------------------------------------
Finished RTL Elaboration : Time (s): cpu = 00:00:02 ; elapsed = 00:00:03 . Memory (MB): peak = 388.945 ; gain = 155.594
---------------------------------------------------------------------------------

Report Check Netlist: 
+------+------------------+-------+---------+-------+------------------+
|      |Item              |Errors |Warnings |Status |Description       |
+------+------------------+-------+---------+-------+------------------+
|1     |multi_driven_nets |      0|        0|Passed |Multi driven nets |
+------+------------------+-------+---------+-------+------------------+
---------------------------------------------------------------------------------
Start Handling Custom Attributes
---------------------------------------------------------------------------------
---------------------------------------------------------------------------------
Finished Handling Custom Attributes : Time (s): cpu = 00:00:02 ; elapsed = 00:00:03 . Memory (MB): peak = 388.945 ; gain = 155.594
---------------------------------------------------------------------------------
---------------------------------------------------------------------------------
Finished RTL Optimization Phase 1 : Time (s): cpu = 00:00:02 ; elapsed = 00:00:03 . Memory (MB): peak = 388.945 ; gain = 155.594
---------------------------------------------------------------------------------
INFO: [Device 21-403] Loading part xc7a35tcpg236-1
INFO: [Project 1-570] Preparing netlist for logic optimization

Processing XDC Constraints
Initializing timing engine
Parsing XDC File [C:/Users/camer/OneDrive/Documents/CMPE_140/Lab5/processor_design/processor_design.srcs/constrs_1/imports/basys3_single_cycle_mips_validation/mips_fpga.xdc]
Finished Parsing XDC File [C:/Users/camer/OneDrive/Documents/CMPE_140/Lab5/processor_design/processor_design.srcs/constrs_1/imports/basys3_single_cycle_mips_validation/mips_fpga.xdc]
INFO: [Project 1-236] Implementation specific constraints were found while reading constraint file [C:/Users/camer/OneDrive/Documents/CMPE_140/Lab5/processor_design/processor_design.srcs/constrs_1/imports/basys3_single_cycle_mips_validation/mips_fpga.xdc]. These constraints will be ignored for synthesis but will be used in implementation. Impacted constraints are listed in the file [.Xil/mips_fpga_propImpl.xdc].
Resolution: To avoid this warning, move constraints listed in [.Xil/mips_fpga_propImpl.xdc] to another XDC file and exclude this new file from synthesis with the used_in_synthesis property (File Properties dialog in GUI) and re-run elaboration/synthesis.
Completed Processing XDC Constraints

INFO: [Project 1-111] Unisim Transformation Summary:
No Unisim elements were transformed.

Constraint Validation Runtime : Time (s): cpu = 00:00:00 ; elapsed = 00:00:00.007 . Memory (MB): peak = 719.680 ; gain = 0.000
---------------------------------------------------------------------------------
Finished Constraint Validation : Time (s): cpu = 00:00:10 ; elapsed = 00:00:13 . Memory (MB): peak = 719.680 ; gain = 486.328
---------------------------------------------------------------------------------
---------------------------------------------------------------------------------
Start Loading Part and Timing Information
---------------------------------------------------------------------------------
Loading part: xc7a35tcpg236-1
---------------------------------------------------------------------------------
Finished Loading Part and Timing Information : Time (s): cpu = 00:00:10 ; elapsed = 00:00:13 . Memory (MB): peak = 719.680 ; gain = 486.328
---------------------------------------------------------------------------------
---------------------------------------------------------------------------------
Start Applying 'set_property' XDC Constraints
---------------------------------------------------------------------------------
---------------------------------------------------------------------------------
Finished applying 'set_property' XDC Constraints : Time (s): cpu = 00:00:10 ; elapsed = 00:00:13 . Memory (MB): peak = 719.680 ; gain = 486.328
---------------------------------------------------------------------------------
INFO: [Synth 8-5545] ROM "count1" won't be mapped to RAM because address size (32) is larger than maximum supported(25)
INFO: [Synth 8-5545] ROM "count2" won't be mapped to RAM because address size (32) is larger than maximum supported(25)
INFO: [Synth 8-5545] ROM "clk_5KHz" won't be mapped to RAM because address size (32) is larger than maximum supported(25)
INFO: [Synth 8-5545] ROM "clk_4sec" won't be mapped to RAM because address size (32) is larger than maximum supported(25)
INFO: [Synth 8-5546] ROM "debounced_button0" won't be mapped to RAM because it is too sparse
INFO: [Synth 8-5818] HDL ADVISOR - The operator resource <adder> is shared. To prevent sharing consider applying a KEEP on the output of the operator [C:/Users/camer/OneDrive/Documents/CMPE_140/Lab5/processor_design/processor_design.srcs/sources_1/imports/single_cycle_mips_source_initial/datapath/alu.v:11]
INFO: [Synth 8-5546] ROM "aluctrl" won't be mapped to RAM because it is too sparse
INFO: [Synth 8-5587] ROM size for "ctrl" is below threshold of ROM address width. It will be mapped to LUTs
INFO: [Synth 8-5546] ROM "rom" won't be mapped to RAM because it is too sparse
WARNING: [Synth 8-327] inferring latch for variable 'Q_reg' [C:/Users/camer/OneDrive/Documents/CMPE_140/Lab5/processor_design/processor_design.srcs/sources_1/new/mf_reg.v:12]
WARNING: [Synth 8-327] inferring latch for variable 'y_reg' [C:/Users/camer/OneDrive/Documents/CMPE_140/Lab5/processor_design/processor_design.srcs/sources_1/imports/single_cycle_mips_source_initial/datapath/alu.v:11]
WARNING: [Synth 8-327] inferring latch for variable 'y_mult_reg' [C:/Users/camer/OneDrive/Documents/CMPE_140/Lab5/processor_design/processor_design.srcs/sources_1/imports/single_cycle_mips_source_initial/datapath/alu.v:21]
WARNING: [Synth 8-327] inferring latch for variable 'aluctrl_reg' [C:/Users/camer/OneDrive/Documents/CMPE_140/Lab5/processor_design/processor_design.srcs/sources_1/imports/single_cycle_mips_source_initial/control_unit/auxdec.v:18]
WARNING: [Synth 8-327] inferring latch for variable 'ctrl_reg' [C:/Users/camer/OneDrive/Documents/CMPE_140/Lab5/processor_design/processor_design.srcs/sources_1/imports/single_cycle_mips_source_initial/control_unit/auxdec.v:19]
---------------------------------------------------------------------------------
Finished RTL Optimization Phase 2 : Time (s): cpu = 00:00:10 ; elapsed = 00:00:13 . Memory (MB): peak = 719.680 ; gain = 486.328
---------------------------------------------------------------------------------

Report RTL Partitions: 
+-+--------------+------------+----------+
| |RTL Partition |Replication |Instances |
+-+--------------+------------+----------+
+-+--------------+------------+----------+
---------------------------------------------------------------------------------
Start RTL Component Statistics 
---------------------------------------------------------------------------------
Detailed RTL Component Info : 
+---Adders : 
	   2 Input     32 Bit       Adders := 4     
	   3 Input     32 Bit       Adders := 1     
	   2 Input      2 Bit       Adders := 1     
+---Registers : 
	               32 Bit    Registers := 3     
	               16 Bit    Registers := 2     
	                2 Bit    Registers := 1     
	                1 Bit    Registers := 3     
+---Multipliers : 
	                32x32  Multipliers := 1     
+---Muxes : 
	   2 Input     32 Bit        Muxes := 15    
	   8 Input     32 Bit        Muxes := 1     
	  23 Input     32 Bit        Muxes := 1     
	   4 Input     12 Bit        Muxes := 1     
	   8 Input     11 Bit        Muxes := 1     
	   2 Input      5 Bit        Muxes := 1     
	  14 Input      5 Bit        Muxes := 1     
	  14 Input      4 Bit        Muxes := 1     
	   8 Input      3 Bit        Muxes := 1     
	   2 Input      1 Bit        Muxes := 5     
	   8 Input      1 Bit        Muxes := 2     
	  12 Input      1 Bit        Muxes := 1     
	  14 Input      1 Bit        Muxes := 2     
---------------------------------------------------------------------------------
Finished RTL Component Statistics 
---------------------------------------------------------------------------------
---------------------------------------------------------------------------------
Start RTL Hierarchical Component Statistics 
---------------------------------------------------------------------------------
Hierarchical RTL Component report 
Module mips_fpga 
Detailed RTL Component Info : 
+---Registers : 
	               16 Bit    Registers := 1     
Module clk_gen 
Detailed RTL Component Info : 
+---Adders : 
	   2 Input     32 Bit       Adders := 2     
+---Registers : 
	               32 Bit    Registers := 2     
	                1 Bit    Registers := 2     
+---Muxes : 
	   2 Input     32 Bit        Muxes := 2     
	   2 Input      1 Bit        Muxes := 2     
Module button_debouncer 
Detailed RTL Component Info : 
+---Registers : 
	               16 Bit    Registers := 1     
	                1 Bit    Registers := 1     
+---Muxes : 
	   2 Input      1 Bit        Muxes := 1     
Module dreg 
Detailed RTL Component Info : 
+---Registers : 
	               32 Bit    Registers := 1     
Module adder 
Detailed RTL Component Info : 
+---Adders : 
	   2 Input     32 Bit       Adders := 1     
Module mux2 
Detailed RTL Component Info : 
+---Muxes : 
	   2 Input     32 Bit        Muxes := 1     
Module mux2__parameterized0 
Detailed RTL Component Info : 
+---Muxes : 
	   2 Input      5 Bit        Muxes := 1     
Module regfile 
Detailed RTL Component Info : 
+---Muxes : 
	   2 Input     32 Bit        Muxes := 3     
Module alu 
Detailed RTL Component Info : 
+---Adders : 
	   3 Input     32 Bit       Adders := 1     
+---Multipliers : 
	                32x32  Multipliers := 1     
+---Muxes : 
	   8 Input     32 Bit        Muxes := 1     
	   8 Input      1 Bit        Muxes := 2     
Module maindec 
Detailed RTL Component Info : 
+---Muxes : 
	   8 Input     11 Bit        Muxes := 1     
	   8 Input      3 Bit        Muxes := 1     
Module auxdec 
Detailed RTL Component Info : 
+---Muxes : 
	  14 Input      5 Bit        Muxes := 1     
	  14 Input      4 Bit        Muxes := 1     
	  12 Input      1 Bit        Muxes := 1     
	   2 Input      1 Bit        Muxes := 2     
	  14 Input      1 Bit        Muxes := 2     
Module imem 
Detailed RTL Component Info : 
+---Muxes : 
	  23 Input     32 Bit        Muxes := 1     
Module led_mux 
Detailed RTL Component Info : 
+---Adders : 
	   2 Input      2 Bit       Adders := 1     
+---Registers : 
	                2 Bit    Registers := 1     
+---Muxes : 
	   4 Input     12 Bit        Muxes := 1     
---------------------------------------------------------------------------------
Finished RTL Hierarchical Component Statistics
---------------------------------------------------------------------------------
---------------------------------------------------------------------------------
Start Part Resource Summary
---------------------------------------------------------------------------------
Part Resources:
DSPs: 90 (col length:60)
BRAMs: 100 (col length: RAMB18 60 RAMB36 30)
---------------------------------------------------------------------------------
Finished Part Resource Summary
---------------------------------------------------------------------------------
---------------------------------------------------------------------------------
Start Cross Boundary and Area Optimization
---------------------------------------------------------------------------------
Warning: Parallel synthesis criteria is not met 
INFO: [Synth 8-5845] Not enough pipeline registers after wide multiplier. Recommended levels of pipeline registers is 4 [C:/Users/camer/OneDrive/Documents/CMPE_140/Lab5/processor_design/processor_design.srcs/sources_1/imports/single_cycle_mips_source_initial/datapath/alu.v:21]
DSP Report: Generating DSP dp/alu/y_mult0, operation Mode is: A*B.
DSP Report: operator dp/alu/y_mult0 is absorbed into DSP dp/alu/y_mult0.
DSP Report: operator dp/alu/y_mult0 is absorbed into DSP dp/alu/y_mult0.
DSP Report: Generating DSP dp/alu/y_mult0, operation Mode is: (PCIN>>17)+A*B.
DSP Report: operator dp/alu/y_mult0 is absorbed into DSP dp/alu/y_mult0.
DSP Report: operator dp/alu/y_mult0 is absorbed into DSP dp/alu/y_mult0.
DSP Report: Generating DSP dp/alu/y_mult0, operation Mode is: A*B.
DSP Report: operator dp/alu/y_mult0 is absorbed into DSP dp/alu/y_mult0.
DSP Report: operator dp/alu/y_mult0 is absorbed into DSP dp/alu/y_mult0.
DSP Report: Generating DSP dp/alu/y_mult0, operation Mode is: (PCIN>>17)+A*B.
DSP Report: operator dp/alu/y_mult0 is absorbed into DSP dp/alu/y_mult0.
DSP Report: operator dp/alu/y_mult0 is absorbed into DSP dp/alu/y_mult0.
WARNING: [Synth 8-6014] Unused sequential element clk_gen/count1_reg was removed.  [C:/Users/camer/OneDrive/Documents/CMPE_140/Lab5/processor_design/processor_design.srcs/sources_1/imports/basys3_single_cycle_mips_validation/clk_gen.v:12]
WARNING: [Synth 8-6014] Unused sequential element clk_gen/clk_4sec_reg was removed.  [C:/Users/camer/OneDrive/Documents/CMPE_140/Lab5/processor_design/processor_design.srcs/sources_1/imports/basys3_single_cycle_mips_validation/clk_gen.v:15]
INFO: [Synth 8-5545] ROM "clk_gen/count2" won't be mapped to RAM because address size (32) is larger than maximum supported(25)
INFO: [Synth 8-5545] ROM "clk_gen/clk_5KHz" won't be mapped to RAM because address size (32) is larger than maximum supported(25)
INFO: [Synth 8-5546] ROM "bd/debounced_button0" won't be mapped to RAM because it is too sparse
WARNING: [Synth 8-3331] design imem has unconnected port a[5]
WARNING: [Synth 8-3332] Sequential element (mips_top/mips/cu/ad/ctrl_reg[4]) is unused and will be removed from module mips_fpga.
---------------------------------------------------------------------------------
Finished Cross Boundary and Area Optimization : Time (s): cpu = 00:00:13 ; elapsed = 00:00:17 . Memory (MB): peak = 719.680 ; gain = 486.328
---------------------------------------------------------------------------------
---------------------------------------------------------------------------------
Start ROM, RAM, DSP and Shift Register Reporting
---------------------------------------------------------------------------------

Distributed RAM: Preliminary Mapping  Report (see note below)
+------------+----------------------------+-----------+----------------------+-----------------+
|Module Name | RTL Object                 | Inference | Size (Depth x Width) | Primitives      | 
+------------+----------------------------+-----------+----------------------+-----------------+
|mips_fpga   | mips_top/mips/dp/rf/rf_reg | Implied   | 32 x 32              | RAM32M x 18     | 
|mips_fpga   | mips_top/dmem/ram_reg      | Implied   | 64 x 32              | RAM64X1S x 32   | 
+------------+----------------------------+-----------+----------------------+-----------------+

Note: The table above is a preliminary report that shows the Distributed RAMs at the current stage of the synthesis flow. Some Distributed RAMs may be reimplemented as non Distributed RAM primitives later in the synthesis flow. Multiple instantiated RAMs are reported only once.

DSP: Preliminary Mapping  Report (see note below)
+------------+----------------+--------+--------+--------+--------+--------+------+------+------+------+-------+------+------+
|Module Name | DSP Mapping    | A Size | B Size | C Size | D Size | P Size | AREG | BREG | CREG | DREG | ADREG | MREG | PREG | 
+------------+----------------+--------+--------+--------+--------+--------+------+------+------+------+-------+------+------+
|mips        | A*B            | 18     | 16     | -      | -      | 48     | 0    | 0    | -    | -    | -     | 0    | 0    | 
|mips        | (PCIN>>17)+A*B | 16     | 16     | -      | -      | 48     | 0    | 0    | -    | -    | -     | 0    | 0    | 
|mips        | A*B            | 18     | 18     | -      | -      | 48     | 0    | 0    | -    | -    | -     | 0    | 0    | 
|mips        | (PCIN>>17)+A*B | 18     | 16     | -      | -      | 48     | 0    | 0    | -    | -    | -     | 0    | 0    | 
+------------+----------------+--------+--------+--------+--------+--------+------+------+------+------+-------+------+------+

Note: The table above is a preliminary report that shows the DSPs inferred at the current stage of the synthesis flow. Some DSP may be reimplemented as non DSP primitives later in the synthesis flow. Multiple instantiated DSPs are reported only once.
---------------------------------------------------------------------------------
Finished ROM, RAM, DSP and Shift Register Reporting
---------------------------------------------------------------------------------

Report RTL Partitions: 
+-+--------------+------------+----------+
| |RTL Partition |Replication |Instances |
+-+--------------+------------+----------+
+-+--------------+------------+----------+
---------------------------------------------------------------------------------
Start Applying XDC Timing Constraints
---------------------------------------------------------------------------------
---------------------------------------------------------------------------------
Finished Applying XDC Timing Constraints : Time (s): cpu = 00:00:25 ; elapsed = 00:00:29 . Memory (MB): peak = 760.746 ; gain = 527.395
---------------------------------------------------------------------------------
---------------------------------------------------------------------------------
Start Timing Optimization
---------------------------------------------------------------------------------
---------------------------------------------------------------------------------
Finished Timing Optimization : Time (s): cpu = 00:00:25 ; elapsed = 00:00:29 . Memory (MB): peak = 780.766 ; gain = 547.414
---------------------------------------------------------------------------------
---------------------------------------------------------------------------------
Start ROM, RAM, DSP and Shift Register Reporting
---------------------------------------------------------------------------------

Distributed RAM: Final Mapping  Report
+------------+----------------------------+-----------+----------------------+-----------------+
|Module Name | RTL Object                 | Inference | Size (Depth x Width) | Primitives      | 
+------------+----------------------------+-----------+----------------------+-----------------+
|mips_fpga   | mips_top/mips/dp/rf/rf_reg | Implied   | 32 x 32              | RAM32M x 18     | 
|mips_fpga   | mips_top/dmem/ram_reg      | Implied   | 64 x 32              | RAM64X1S x 32   | 
+------------+----------------------------+-----------+----------------------+-----------------+

---------------------------------------------------------------------------------
Finished ROM, RAM, DSP and Shift Register Reporting
---------------------------------------------------------------------------------

Report RTL Partitions: 
+-+--------------+------------+----------+
| |RTL Partition |Replication |Instances |
+-+--------------+------------+----------+
+-+--------------+------------+----------+
---------------------------------------------------------------------------------
Start Technology Mapping
---------------------------------------------------------------------------------
INFO: [Synth 8-3333] propagating constant 0 across sequential element (\mips_top/mips/cu/ad/ctrl_reg[3] )
WARNING: [Synth 8-3332] Sequential element (mips_top/mips/cu/ad/ctrl_reg[3]) is unused and will be removed from module mips_fpga.
WARNING: [Synth 8-3332] Sequential element (mips_top/mips/dp/HiReg/Q_reg[31]) is unused and will be removed from module mips_fpga.
WARNING: [Synth 8-3332] Sequential element (mips_top/mips/dp/HiReg/Q_reg[30]) is unused and will be removed from module mips_fpga.
WARNING: [Synth 8-3332] Sequential element (mips_top/mips/dp/HiReg/Q_reg[29]) is unused and will be removed from module mips_fpga.
WARNING: [Synth 8-3332] Sequential element (mips_top/mips/dp/HiReg/Q_reg[28]) is unused and will be removed from module mips_fpga.
WARNING: [Synth 8-3332] Sequential element (mips_top/mips/dp/HiReg/Q_reg[27]) is unused and will be removed from module mips_fpga.
WARNING: [Synth 8-3332] Sequential element (mips_top/mips/dp/HiReg/Q_reg[26]) is unused and will be removed from module mips_fpga.
WARNING: [Synth 8-3332] Sequential element (mips_top/mips/dp/HiReg/Q_reg[25]) is unused and will be removed from module mips_fpga.
WARNING: [Synth 8-3332] Sequential element (mips_top/mips/dp/HiReg/Q_reg[24]) is unused and will be removed from module mips_fpga.
WARNING: [Synth 8-3332] Sequential element (mips_top/mips/dp/HiReg/Q_reg[23]) is unused and will be removed from module mips_fpga.
WARNING: [Synth 8-3332] Sequential element (mips_top/mips/dp/HiReg/Q_reg[22]) is unused and will be removed from module mips_fpga.
WARNING: [Synth 8-3332] Sequential element (mips_top/mips/dp/HiReg/Q_reg[21]) is unused and will be removed from module mips_fpga.
WARNING: [Synth 8-3332] Sequential element (mips_top/mips/dp/HiReg/Q_reg[20]) is unused and will be removed from module mips_fpga.
WARNING: [Synth 8-3332] Sequential element (mips_top/mips/dp/HiReg/Q_reg[19]) is unused and will be removed from module mips_fpga.
WARNING: [Synth 8-3332] Sequential element (mips_top/mips/dp/HiReg/Q_reg[18]) is unused and will be removed from module mips_fpga.
WARNING: [Synth 8-3332] Sequential element (mips_top/mips/dp/HiReg/Q_reg[17]) is unused and will be removed from module mips_fpga.
WARNING: [Synth 8-3332] Sequential element (mips_top/mips/dp/HiReg/Q_reg[16]) is unused and will be removed from module mips_fpga.
WARNING: [Synth 8-3332] Sequential element (mips_top/mips/dp/HiReg/Q_reg[15]) is unused and will be removed from module mips_fpga.
WARNING: [Synth 8-3332] Sequential element (mips_top/mips/dp/HiReg/Q_reg[14]) is unused and will be removed from module mips_fpga.
WARNING: [Synth 8-3332] Sequential element (mips_top/mips/dp/HiReg/Q_reg[13]) is unused and will be removed from module mips_fpga.
WARNING: [Synth 8-3332] Sequential element (mips_top/mips/dp/HiReg/Q_reg[12]) is unused and will be removed from module mips_fpga.
WARNING: [Synth 8-3332] Sequential element (mips_top/mips/dp/HiReg/Q_reg[11]) is unused and will be removed from module mips_fpga.
WARNING: [Synth 8-3332] Sequential element (mips_top/mips/dp/HiReg/Q_reg[10]) is unused and will be removed from module mips_fpga.
WARNING: [Synth 8-3332] Sequential element (mips_top/mips/dp/HiReg/Q_reg[9]) is unused and will be removed from module mips_fpga.
WARNING: [Synth 8-3332] Sequential element (mips_top/mips/dp/HiReg/Q_reg[8]) is unused and will be removed from module mips_fpga.
WARNING: [Synth 8-3332] Sequential element (mips_top/mips/dp/HiReg/Q_reg[7]) is unused and will be removed from module mips_fpga.
WARNING: [Synth 8-3332] Sequential element (mips_top/mips/dp/HiReg/Q_reg[6]) is unused and will be removed from module mips_fpga.
WARNING: [Synth 8-3332] Sequential element (mips_top/mips/dp/HiReg/Q_reg[5]) is unused and will be removed from module mips_fpga.
WARNING: [Synth 8-3332] Sequential element (mips_top/mips/dp/HiReg/Q_reg[4]) is unused and will be removed from module mips_fpga.
WARNING: [Synth 8-3332] Sequential element (mips_top/mips/dp/HiReg/Q_reg[3]) is unused and will be removed from module mips_fpga.
WARNING: [Synth 8-3332] Sequential element (mips_top/mips/dp/HiReg/Q_reg[2]) is unused and will be removed from module mips_fpga.
WARNING: [Synth 8-3332] Sequential element (mips_top/mips/dp/HiReg/Q_reg[1]) is unused and will be removed from module mips_fpga.
WARNING: [Synth 8-3332] Sequential element (mips_top/mips/dp/HiReg/Q_reg[0]) is unused and will be removed from module mips_fpga.
WARNING: [Synth 8-3332] Sequential element (mips_top/mips/dp/alu/y_mult_reg[63]) is unused and will be removed from module mips_fpga.
WARNING: [Synth 8-3332] Sequential element (mips_top/mips/dp/alu/y_mult_reg[62]) is unused and will be removed from module mips_fpga.
WARNING: [Synth 8-3332] Sequential element (mips_top/mips/dp/alu/y_mult_reg[61]) is unused and will be removed from module mips_fpga.
WARNING: [Synth 8-3332] Sequential element (mips_top/mips/dp/alu/y_mult_reg[60]) is unused and will be removed from module mips_fpga.
WARNING: [Synth 8-3332] Sequential element (mips_top/mips/dp/alu/y_mult_reg[59]) is unused and will be removed from module mips_fpga.
WARNING: [Synth 8-3332] Sequential element (mips_top/mips/dp/alu/y_mult_reg[58]) is unused and will be removed from module mips_fpga.
WARNING: [Synth 8-3332] Sequential element (mips_top/mips/dp/alu/y_mult_reg[57]) is unused and will be removed from module mips_fpga.
WARNING: [Synth 8-3332] Sequential element (mips_top/mips/dp/alu/y_mult_reg[56]) is unused and will be removed from module mips_fpga.
WARNING: [Synth 8-3332] Sequential element (mips_top/mips/dp/alu/y_mult_reg[55]) is unused and will be removed from module mips_fpga.
WARNING: [Synth 8-3332] Sequential element (mips_top/mips/dp/alu/y_mult_reg[54]) is unused and will be removed from module mips_fpga.
WARNING: [Synth 8-3332] Sequential element (mips_top/mips/dp/alu/y_mult_reg[53]) is unused and will be removed from module mips_fpga.
WARNING: [Synth 8-3332] Sequential element (mips_top/mips/dp/alu/y_mult_reg[52]) is unused and will be removed from module mips_fpga.
WARNING: [Synth 8-3332] Sequential element (mips_top/mips/dp/alu/y_mult_reg[51]) is unused and will be removed from module mips_fpga.
WARNING: [Synth 8-3332] Sequential element (mips_top/mips/dp/alu/y_mult_reg[50]) is unused and will be removed from module mips_fpga.
WARNING: [Synth 8-3332] Sequential element (mips_top/mips/dp/alu/y_mult_reg[49]) is unused and will be removed from module mips_fpga.
WARNING: [Synth 8-3332] Sequential element (mips_top/mips/dp/alu/y_mult_reg[48]) is unused and will be removed from module mips_fpga.
WARNING: [Synth 8-3332] Sequential element (mips_top/mips/dp/alu/y_mult_reg[47]) is unused and will be removed from module mips_fpga.
WARNING: [Synth 8-3332] Sequential element (mips_top/mips/dp/alu/y_mult_reg[46]) is unused and will be removed from module mips_fpga.
WARNING: [Synth 8-3332] Sequential element (mips_top/mips/dp/alu/y_mult_reg[45]) is unused and will be removed from module mips_fpga.
WARNING: [Synth 8-3332] Sequential element (mips_top/mips/dp/alu/y_mult_reg[44]) is unused and will be removed from module mips_fpga.
WARNING: [Synth 8-3332] Sequential element (mips_top/mips/dp/alu/y_mult_reg[43]) is unused and will be removed from module mips_fpga.
WARNING: [Synth 8-3332] Sequential element (mips_top/mips/dp/alu/y_mult_reg[42]) is unused and will be removed from module mips_fpga.
WARNING: [Synth 8-3332] Sequential element (mips_top/mips/dp/alu/y_mult_reg[41]) is unused and will be removed from module mips_fpga.
WARNING: [Synth 8-3332] Sequential element (mips_top/mips/dp/alu/y_mult_reg[40]) is unused and will be removed from module mips_fpga.
WARNING: [Synth 8-3332] Sequential element (mips_top/mips/dp/alu/y_mult_reg[39]) is unused and will be removed from module mips_fpga.
WARNING: [Synth 8-3332] Sequential element (mips_top/mips/dp/alu/y_mult_reg[38]) is unused and will be removed from module mips_fpga.
WARNING: [Synth 8-3332] Sequential element (mips_top/mips/dp/alu/y_mult_reg[37]) is unused and will be removed from module mips_fpga.
WARNING: [Synth 8-3332] Sequential element (mips_top/mips/dp/alu/y_mult_reg[36]) is unused and will be removed from module mips_fpga.
WARNING: [Synth 8-3332] Sequential element (mips_top/mips/dp/alu/y_mult_reg[35]) is unused and will be removed from module mips_fpga.
WARNING: [Synth 8-3332] Sequential element (mips_top/mips/dp/alu/y_mult_reg[34]) is unused and will be removed from module mips_fpga.
WARNING: [Synth 8-3332] Sequential element (mips_top/mips/dp/alu/y_mult_reg[33]) is unused and will be removed from module mips_fpga.
WARNING: [Synth 8-3332] Sequential element (mips_top/mips/dp/alu/y_mult_reg[32]) is unused and will be removed from module mips_fpga.
---------------------------------------------------------------------------------
Finished Technology Mapping : Time (s): cpu = 00:00:25 ; elapsed = 00:00:30 . Memory (MB): peak = 790.941 ; gain = 557.590
---------------------------------------------------------------------------------

Report RTL Partitions: 
+-+--------------+------------+----------+
| |RTL Partition |Replication |Instances |
+-+--------------+------------+----------+
+-+--------------+------------+----------+
---------------------------------------------------------------------------------
Start IO Insertion
---------------------------------------------------------------------------------
---------------------------------------------------------------------------------
Start Flattening Before IO Insertion
---------------------------------------------------------------------------------
---------------------------------------------------------------------------------
Finished Flattening Before IO Insertion
---------------------------------------------------------------------------------
---------------------------------------------------------------------------------
Start Final Netlist Cleanup
---------------------------------------------------------------------------------
---------------------------------------------------------------------------------
Finished Final Netlist Cleanup
---------------------------------------------------------------------------------
---------------------------------------------------------------------------------
Finished IO Insertion : Time (s): cpu = 00:00:26 ; elapsed = 00:00:30 . Memory (MB): peak = 790.941 ; gain = 557.590
---------------------------------------------------------------------------------

Report Check Netlist: 
+------+------------------+-------+---------+-------+------------------+
|      |Item              |Errors |Warnings |Status |Description       |
+------+------------------+-------+---------+-------+------------------+
|1     |multi_driven_nets |      0|        0|Passed |Multi driven nets |
+------+------------------+-------+---------+-------+------------------+
---------------------------------------------------------------------------------
Start Renaming Generated Instances
---------------------------------------------------------------------------------
---------------------------------------------------------------------------------
Finished Renaming Generated Instances : Time (s): cpu = 00:00:26 ; elapsed = 00:00:30 . Memory (MB): peak = 790.941 ; gain = 557.590
---------------------------------------------------------------------------------

Report RTL Partitions: 
+-+--------------+------------+----------+
| |RTL Partition |Replication |Instances |
+-+--------------+------------+----------+
+-+--------------+------------+----------+
---------------------------------------------------------------------------------
Start Rebuilding User Hierarchy
---------------------------------------------------------------------------------
---------------------------------------------------------------------------------
Finished Rebuilding User Hierarchy : Time (s): cpu = 00:00:26 ; elapsed = 00:00:30 . Memory (MB): peak = 790.941 ; gain = 557.590
---------------------------------------------------------------------------------
---------------------------------------------------------------------------------
Start Renaming Generated Ports
---------------------------------------------------------------------------------
---------------------------------------------------------------------------------
Finished Renaming Generated Ports : Time (s): cpu = 00:00:26 ; elapsed = 00:00:30 . Memory (MB): peak = 790.941 ; gain = 557.590
---------------------------------------------------------------------------------
---------------------------------------------------------------------------------
Start Handling Custom Attributes
---------------------------------------------------------------------------------
---------------------------------------------------------------------------------
Finished Handling Custom Attributes : Time (s): cpu = 00:00:26 ; elapsed = 00:00:30 . Memory (MB): peak = 790.941 ; gain = 557.590
---------------------------------------------------------------------------------
---------------------------------------------------------------------------------
Start Renaming Generated Nets
---------------------------------------------------------------------------------
---------------------------------------------------------------------------------
Finished Renaming Generated Nets : Time (s): cpu = 00:00:26 ; elapsed = 00:00:30 . Memory (MB): peak = 790.941 ; gain = 557.590
---------------------------------------------------------------------------------
---------------------------------------------------------------------------------
Start Writing Synthesis Report
---------------------------------------------------------------------------------

Report BlackBoxes: 
+-+--------------+----------+
| |BlackBox name |Instances |
+-+--------------+----------+
+-+--------------+----------+

Report Cell Usage: 
+------+---------+------+
|      |Cell     |Count |
+------+---------+------+
|1     |BUFG     |     5|
|2     |CARRY4   |    40|
|3     |DSP48E1  |     3|
|4     |LUT1     |     3|
|5     |LUT2     |    23|
|6     |LUT3     |    70|
|7     |LUT4     |    88|
|8     |LUT5     |   126|
|9     |LUT6     |   260|
|10    |MUXF7    |     7|
|11    |RAM32M   |    18|
|12    |RAM64X1S |    32|
|13    |FDCE     |    32|
|14    |FDRE     |    68|
|15    |LD       |   103|
|16    |IBUF     |    12|
|17    |OBUF     |    13|
+------+---------+------+

Report Instance Areas: 
+------+-------------------+-----------------+------+
|      |Instance           |Module           |Cells |
+------+-------------------+-----------------+------+
|1     |top                |                 |   903|
|2     |  bd               |button_debouncer |    20|
|3     |  clk_gen          |clk_gen          |    56|
|4     |  led_mux          |led_mux          |    29|
|5     |  mips_top         |mips_top         |   734|
|6     |    dmem           |dmem             |    32|
|7     |    mips           |mips             |   702|
|8     |      cu           |controlunit      |    62|
|9     |        ad         |auxdec           |    62|
|10    |      dp           |datapath         |   640|
|11    |        LoReg      |mf_reg           |    61|
|12    |        alu        |alu              |   138|
|13    |        pc_plus_4  |adder            |     8|
|14    |        pc_plus_br |adder_0          |     8|
|15    |        pc_reg     |dreg             |   384|
|16    |        rf         |regfile          |    41|
+------+-------------------+-----------------+------+
---------------------------------------------------------------------------------
Finished Writing Synthesis Report : Time (s): cpu = 00:00:26 ; elapsed = 00:00:30 . Memory (MB): peak = 790.941 ; gain = 557.590
---------------------------------------------------------------------------------
Synthesis finished with 0 errors, 0 critical warnings and 74 warnings.
Synthesis Optimization Runtime : Time (s): cpu = 00:00:19 ; elapsed = 00:00:23 . Memory (MB): peak = 790.941 ; gain = 226.855
Synthesis Optimization Complete : Time (s): cpu = 00:00:27 ; elapsed = 00:00:31 . Memory (MB): peak = 790.941 ; gain = 557.590
INFO: [Project 1-571] Translating synthesized netlist
INFO: [Netlist 29-17] Analyzing 215 Unisim elements for replacement
INFO: [Netlist 29-28] Unisim Transformation completed in 0 CPU seconds
INFO: [Project 1-570] Preparing netlist for logic optimization
INFO: [Opt 31-138] Pushed 0 inverter(s) to 0 load pin(s).
INFO: [Project 1-111] Unisim Transformation Summary:
  A total of 153 instances were transformed.
  LD => LDCE: 103 instances
  RAM32M => RAM32M (RAMD32, RAMD32, RAMD32, RAMD32, RAMD32, RAMD32, RAMS32, RAMS32): 18 instances
  RAM64X1S => RAM64X1S (RAMS64E): 32 instances

INFO: [Common 17-83] Releasing license: Synthesis
71 Infos, 85 Warnings, 0 Critical Warnings and 0 Errors encountered.
synth_design completed successfully
synth_design: Time (s): cpu = 00:00:29 ; elapsed = 00:00:33 . Memory (MB): peak = 790.941 ; gain = 570.598
WARNING: [Constraints 18-5210] No constraint will be written out.
INFO: [Common 17-1381] The checkpoint 'C:/Users/camer/OneDrive/Documents/CMPE_140/Lab5/processor_design/processor_design.runs/synth_1/mips_fpga.dcp' has been generated.
INFO: [runtcl-4] Executing : report_utilization -file mips_fpga_utilization_synth.rpt -pb mips_fpga_utilization_synth.pb
report_utilization: Time (s): cpu = 00:00:00 ; elapsed = 00:00:00.035 . Memory (MB): peak = 790.941 ; gain = 0.000
INFO: [Common 17-206] Exiting Vivado at Mon Nov 18 11:34:38 2019...
